Running: C:\Xilinx\14.7\ISE_DS\ISE\bin\nt64\unwrapped\fuse.exe -intstyle ise -incremental -lib unisims_ver -lib unimacro_ver -lib xilinxcorelib_ver -lib secureip -o C:/Users/poiii/Repos/Hardware-Series-Class/Computer-Architecture/CA_EXP07/sim_mips_isim_beh.exe -prj C:/Users/poiii/Repos/Hardware-Series-Class/Computer-Architecture/CA_EXP07/sim_mips_beh.prj work.sim_mips work.glbl 
ISim P.20131013 (signature 0x7708f090)
Number of CPUs detected in this system: 4
Turning on mult-threading, number of parallel sub-compilation jobs: 8 
Determining compilation order of HDL files
Analyzing Verilog file "C:/Users/poiii/Repos/Hardware-Series-Class/Computer-Architecture/CA_EXP07/regfile.v" into library work
Analyzing Verilog file "C:/Users/poiii/Repos/Hardware-Series-Class/Computer-Architecture/CA_EXP07/alu.v" into library work
WARNING:HDLCompiler:568 - "C:/Users/poiii/Repos/Hardware-Series-Class/Computer-Architecture/CA_EXP07/alu.v" Line 49: Constant value is truncated to fit in <4> bits.
Analyzing Verilog file "C:/Users/poiii/Repos/Hardware-Series-Class/Computer-Architecture/CA_EXP07/datapath.v" into library work
Analyzing Verilog file "C:/Users/poiii/Repos/Hardware-Series-Class/Computer-Architecture/CA_EXP07/cp0.v" into library work
Analyzing Verilog file "C:/Users/poiii/Repos/Hardware-Series-Class/Computer-Architecture/CA_EXP07/controller.v" into library work
Analyzing Verilog file "C:/Users/poiii/Repos/Hardware-Series-Class/Computer-Architecture/CA_EXP07/mips_core.v" into library work
Analyzing Verilog file "C:/Users/poiii/Repos/Hardware-Series-Class/Computer-Architecture/CA_EXP07/inst_rom.v" into library work
Analyzing Verilog file "C:/Users/poiii/Repos/Hardware-Series-Class/Computer-Architecture/CA_EXP07/data_ram.v" into library work
Analyzing Verilog file "C:/Users/poiii/Repos/Hardware-Series-Class/Computer-Architecture/CA_EXP07/mips.v" into library work
Analyzing Verilog file "C:/Users/poiii/Repos/Hardware-Series-Class/Computer-Architecture/CA_EXP07/sim_mips.v" into library work
Analyzing Verilog file "C:/Xilinx/14.7/ISE_DS/ISE//verilog/src/glbl.v" into library work
Starting static elaboration
Completed static elaboration
Compiling module controller
Compiling module regfile
Compiling module alu
Compiling module datapath
Compiling module cp0
Compiling module mips_core
Compiling module inst_rom
Compiling module data_ram
Compiling module mips
Compiling module sim_mips
Compiling module glbl
Time Resolution for simulation is 1ps.
Waiting for 4 sub-compilation(s) to finish...
Compiled 11 Verilog Units
Built simulation executable C:/Users/poiii/Repos/Hardware-Series-Class/Computer-Architecture/CA_EXP07/sim_mips_isim_beh.exe
Fuse Memory Usage: 29872 KB
Fuse CPU Usage: 421 ms
