ISim log file
Running: C:\Users\poiii\Repos\Hardware-Series-Class\Computer-Architecture\Exp6_other\sim_mips_isim_beh.exe -intstyle ise -gui -tclbatch isim.cmd -wdb C:/Users/poiii/Repos/Hardware-Series-Class/Computer-Architecture/Exp6_other/sim_mips_isim_beh.wdb 
ISim P.20131013 (signature 0x7708f090)
----------------------------------------------------------------------
WARNING:Security:42 - Your software subscription period has lapsed. Your current version of Xilinx tools will continue to function, but you no longer qualify for Xilinx software updates or new releases.


----------------------------------------------------------------------
This is a Full version of ISim.
WARNING: File "C:/Users/poiii/Repos/Hardware-Series-Class/Computer-Architecture/Exp6_other/mips_core.v" Line 34.  For instance MIPS_CORE/CONTROLLER/, width 2 of formal port exe_b_src is not equal to width 1 of actual signal exe_b_src_ctrl.
WARNING: File "C:/Users/poiii/Repos/Hardware-Series-Class/Computer-Architecture/Exp6_other/mips_core.v" Line 38.  For instance MIPS_CORE/CONTROLLER/, width 2 of formal port wb_addr_src is not equal to width 1 of actual signal wb_addr_src_ctrl.
WARNING: File "C:/Users/poiii/Repos/Hardware-Series-Class/Computer-Architecture/Exp6_other/mips_core.v" Line 34.  For instance MIPS_CORE/DATAPATH/, width 2 of formal port exe_b_src_ctrl is not equal to width 1 of actual signal exe_b_src_ctrl.
WARNING: File "C:/Users/poiii/Repos/Hardware-Series-Class/Computer-Architecture/Exp6_other/mips_core.v" Line 38.  For instance MIPS_CORE/DATAPATH/, width 2 of formal port wb_addr_src_ctrl is not equal to width 1 of actual signal wb_addr_src_ctrl.
WARNING: File "C:/Users/poiii/Repos/Hardware-Series-Class/Computer-Architecture/Exp6_other/mips.v" Line 12.  For instance uut/MIPS_CORE/, width 6 of formal port debug_addr is not equal to width 7 of actual signal debug_addr.
Time resolution is 1 ps
# onerror resume
# wave add /
# run 1000 ns
Simulator is doing circuit initialization process.
Finished circuit initialization process.
# restart
# run 3.00us
Simulator is doing circuit initialization process.
Finished circuit initialization process.
# restart
# run 3.00us
Simulator is doing circuit initialization process.
Finished circuit initialization process.
