Running: C:\Xilinx\14.7\ISE_DS\ISE\bin\nt64\unwrapped\fuse.exe -intstyle ise -incremental -lib unisims_ver -lib unimacro_ver -lib xilinxcorelib_ver -lib secureip -o C:/Users/poi/Desktop/Computer_Organization/Hardware-Series-Class/Computer-Organization/Exp02/HexTo8SEG_test_isim_beh.exe -prj C:/Users/poi/Desktop/Computer_Organization/Hardware-Series-Class/Computer-Organization/Exp02/HexTo8SEG_test_beh.prj work.HexTo8SEG_test work.glbl 
ISim P.20131013 (signature 0x7708f090)
Number of CPUs detected in this system: 8
Turning on mult-threading, number of parallel sub-compilation jobs: 16 
Determining compilation order of HDL files
Analyzing Verilog file "C:/Users/poi/Desktop/Computer_Organization/Hardware-Series-Class/Computer-Organization/Exp02/MC14495_ZJU.v" into library work
Analyzing Verilog file "C:/Users/poi/Desktop/Computer_Organization/Hardware-Series-Class/Computer-Organization/Exp02/HexTo8SEG.v" into library work
Analyzing Verilog file "C:/Users/poi/Desktop/Computer_Organization/Hardware-Series-Class/Computer-Organization/Exp02/HexTo8SEG_test.v" into library work
Analyzing Verilog file "C:/Xilinx/14.7/ISE_DS/ISE//verilog/src/glbl.v" into library work
Starting static elaboration
Completed static elaboration
Compiling module MC14495_ZJU
Compiling module HexTo8SEG
Compiling module HexTo8SEG_test
Compiling module glbl
Time Resolution for simulation is 1ps.
Waiting for 1 sub-compilation(s) to finish...
Compiled 4 Verilog Units
Built simulation executable C:/Users/poi/Desktop/Computer_Organization/Hardware-Series-Class/Computer-Organization/Exp02/HexTo8SEG_test_isim_beh.exe
Fuse Memory Usage: 29740 KB
Fuse CPU Usage: 421 ms
