Running: C:\Xilinx\14.7\ISE_DS\ISE\bin\nt64\unwrapped\fuse.exe -intstyle ise -incremental -lib unisims_ver -lib unimacro_ver -lib xilinxcorelib_ver -lib secureip -o C:/Users/poi/Desktop/Computer_Organization/Hardware-Series-Class/Computer-Organization/Exp01/Multi_8CH32_test_isim_beh.exe -prj C:/Users/poi/Desktop/Computer_Organization/Hardware-Series-Class/Computer-Organization/Exp01/Multi_8CH32_test_beh.prj work.Multi_8CH32_test work.glbl 
ISim P.20131013 (signature 0x7708f090)
Number of CPUs detected in this system: 8
Turning on mult-threading, number of parallel sub-compilation jobs: 16 
Determining compilation order of HDL files
Analyzing Verilog file "C:/Users/poi/Desktop/Computer_Organization/Hardware-Series-Class/Computer-Organization/Exp01/MUX8T1_8.v" into library work
Analyzing Verilog file "C:/Users/poi/Desktop/Computer_Organization/Hardware-Series-Class/Computer-Organization/Exp01/MUX8T1_32.v" into library work
Analyzing Verilog file "C:/Users/poi/Desktop/Computer_Organization/Hardware-Series-Class/Computer-Organization/Exp01/Multi_8CH32.v" into library work
Analyzing Verilog file "C:/Users/poi/Desktop/Computer_Organization/Hardware-Series-Class/Computer-Organization/Exp01/Multi_8CH32_test.v" into library work
Analyzing Verilog file "C:/Xilinx/14.7/ISE_DS/ISE//verilog/src/glbl.v" into library work
Starting static elaboration
WARNING:HDLCompiler:189 - "C:/Users/poi/Desktop/Computer_Organization/Hardware-Series-Class/Computer-Organization/Exp01/Multi_8CH32.v" Line 57: Size mismatch in connection of port <I3>. Formal port size is 8-bit while actual signal size is 9-bit.
Completed static elaboration
Compiling module MUX8T1_32
Compiling module MUX8T1_8
Compiling module Multi_8CH32
Compiling module Multi_8CH32_test
Compiling module glbl
Time Resolution for simulation is 1ps.
Waiting for 1 sub-compilation(s) to finish...
Compiled 5 Verilog Units
Built simulation executable C:/Users/poi/Desktop/Computer_Organization/Hardware-Series-Class/Computer-Organization/Exp01/Multi_8CH32_test_isim_beh.exe
Fuse Memory Usage: 28732 KB
Fuse CPU Usage: 437 ms
